2023-03-03 21:40:11.791  INFO 26408 --- [main] c.s.SchoolLogApplication                 : Starting SchoolLogApplication using Java 17.0.6 on Milan-PC with PID 26408 (C:\DANIEL\SchoolLog\school_log\target\classes started by Milan in C:\DANIEL\SchoolLog\school_log)
2023-03-03 21:40:11.802  INFO 26408 --- [main] c.s.SchoolLogApplication                 : No active profile set, falling back to 1 default profile: "default"
2023-03-03 21:40:12.633  INFO 26408 --- [main] .s.d.r.c.RepositoryConfigurationDelegate : Bootstrapping Spring Data JPA repositories in DEFAULT mode.
2023-03-03 21:40:12.710  INFO 26408 --- [main] .s.d.r.c.RepositoryConfigurationDelegate : Finished Spring Data repository scanning in 66 ms. Found 7 JPA repository interfaces.
2023-03-03 21:40:13.281  INFO 26408 --- [main] o.s.b.w.e.t.TomcatWebServer              : Tomcat initialized with port(s): 8082 (http)
2023-03-03 21:40:13.302  INFO 26408 --- [main] o.a.c.c.StandardService                  : Starting service [Tomcat]
2023-03-03 21:40:13.302  INFO 26408 --- [main] o.a.c.c.StandardEngine                   : Starting Servlet engine: [Apache Tomcat/9.0.71]
2023-03-03 21:40:13.452  INFO 26408 --- [main] o.a.c.c.C.[.[.[/]                        : Initializing Spring embedded WebApplicationContext
2023-03-03 21:40:13.453  INFO 26408 --- [main] w.s.c.ServletWebServerApplicationContext : Root WebApplicationContext: initialization completed in 1598 ms
2023-03-03 21:40:13.963  INFO 26408 --- [main] c.z.h.HikariDataSource                   : HikariPool-1 - Starting...
2023-03-03 21:40:14.358  INFO 26408 --- [main] c.z.h.HikariDataSource                   : HikariPool-1 - Start completed.
2023-03-03 21:40:15.372  INFO 26408 --- [main] j.LocalContainerEntityManagerFactoryBean : Initialized JPA EntityManagerFactory for persistence unit 'default'
2023-03-03 21:40:15.797  WARN 26408 --- [main] JpaBaseConfiguration$JpaWebConfiguration : spring.jpa.open-in-view is enabled by default. Therefore, database queries may be performed during view rendering. Explicitly configure spring.jpa.open-in-view to disable this warning
2023-03-03 21:40:16.017  WARN 26408 --- [main] ConfigServletWebServerApplicationContext : Exception encountered during context initialization - cancelling refresh attempt: org.springframework.beans.factory.BeanCreationException: Error creating bean with name 'requestMappingHandlerMapping' defined in class path resource [org/springframework/boot/autoconfigure/web/servlet/WebMvcAutoConfiguration$EnableWebMvcConfiguration.class]: Invocation of init method failed; nested exception is java.lang.IllegalStateException: Ambiguous mapping. Cannot map 'gradeController' method 
com.schoollog.controllers.GradeController#changeGrade(GradeDTO, Integer)
to {POST [/api/schoollog/grades/{id}]}: There is already 'gradeController' bean method
com.schoollog.controllers.GradeController#deleteGrade(Integer) mapped.
2023-03-03 21:40:16.020  INFO 26408 --- [main] j.LocalContainerEntityManagerFactoryBean : Closing JPA EntityManagerFactory for persistence unit 'default'
2023-03-03 21:40:16.021  INFO 26408 --- [main] c.z.h.HikariDataSource                   : HikariPool-1 - Shutdown initiated...
2023-03-03 21:40:16.031  INFO 26408 --- [main] c.z.h.HikariDataSource                   : HikariPool-1 - Shutdown completed.
2023-03-03 21:40:16.033  INFO 26408 --- [main] o.a.c.c.StandardService                  : Stopping service [Tomcat]
2023-03-03 21:40:16.044  INFO 26408 --- [main] ConditionEvaluationReportLoggingListener : 

Error starting ApplicationContext. To display the conditions report re-run your application with 'debug' enabled.
2023-03-03 21:40:16.062 ERROR 26408 --- [main] o.s.b.SpringApplication                  : Application run failed

org.springframework.beans.factory.BeanCreationException: Error creating bean with name 'requestMappingHandlerMapping' defined in class path resource [org/springframework/boot/autoconfigure/web/servlet/WebMvcAutoConfiguration$EnableWebMvcConfiguration.class]: Invocation of init method failed; nested exception is java.lang.IllegalStateException: Ambiguous mapping. Cannot map 'gradeController' method 
com.schoollog.controllers.GradeController#changeGrade(GradeDTO, Integer)
to {POST [/api/schoollog/grades/{id}]}: There is already 'gradeController' bean method
com.schoollog.controllers.GradeController#deleteGrade(Integer) mapped.
	at org.springframework.beans.factory.support.AbstractAutowireCapableBeanFactory.initializeBean(AbstractAutowireCapableBeanFactory.java:1804) ~[spring-beans-5.3.25.jar:5.3.25]
	at org.springframework.beans.factory.support.AbstractAutowireCapableBeanFactory.doCreateBean(AbstractAutowireCapableBeanFactory.java:620) ~[spring-beans-5.3.25.jar:5.3.25]
	at org.springframework.beans.factory.support.AbstractAutowireCapableBeanFactory.createBean(AbstractAutowireCapableBeanFactory.java:542) ~[spring-beans-5.3.25.jar:5.3.25]
	at org.springframework.beans.factory.support.AbstractBeanFactory.lambda$doGetBean$0(AbstractBeanFactory.java:335) ~[spring-beans-5.3.25.jar:5.3.25]
	at org.springframework.beans.factory.support.DefaultSingletonBeanRegistry.getSingleton(DefaultSingletonBeanRegistry.java:234) ~[spring-beans-5.3.25.jar:5.3.25]
	at org.springframework.beans.factory.support.AbstractBeanFactory.doGetBean(AbstractBeanFactory.java:333) ~[spring-beans-5.3.25.jar:5.3.25]
	at org.springframework.beans.factory.support.AbstractBeanFactory.getBean(AbstractBeanFactory.java:208) ~[spring-beans-5.3.25.jar:5.3.25]
	at org.springframework.beans.factory.support.DefaultListableBeanFactory.preInstantiateSingletons(DefaultListableBeanFactory.java:955) ~[spring-beans-5.3.25.jar:5.3.25]
	at org.springframework.context.support.AbstractApplicationContext.finishBeanFactoryInitialization(AbstractApplicationContext.java:918) ~[spring-context-5.3.25.jar:5.3.25]
	at org.springframework.context.support.AbstractApplicationContext.refresh(AbstractApplicationContext.java:583) ~[spring-context-5.3.25.jar:5.3.25]
	at org.springframework.boot.web.servlet.context.ServletWebServerApplicationContext.refresh(ServletWebServerApplicationContext.java:147) ~[spring-boot-2.7.8.jar:2.7.8]
	at org.springframework.boot.SpringApplication.refresh(SpringApplication.java:731) ~[spring-boot-2.7.8.jar:2.7.8]
	at org.springframework.boot.SpringApplication.refreshContext(SpringApplication.java:408) ~[spring-boot-2.7.8.jar:2.7.8]
	at org.springframework.boot.SpringApplication.run(SpringApplication.java:307) ~[spring-boot-2.7.8.jar:2.7.8]
	at org.springframework.boot.SpringApplication.run(SpringApplication.java:1303) ~[spring-boot-2.7.8.jar:2.7.8]
	at org.springframework.boot.SpringApplication.run(SpringApplication.java:1292) ~[spring-boot-2.7.8.jar:2.7.8]
	at com.schoollog.SchoolLogApplication.main(SchoolLogApplication.java:12) ~[classes/:?]
Caused by: java.lang.IllegalStateException: Ambiguous mapping. Cannot map 'gradeController' method 
com.schoollog.controllers.GradeController#changeGrade(GradeDTO, Integer)
to {POST [/api/schoollog/grades/{id}]}: There is already 'gradeController' bean method
com.schoollog.controllers.GradeController#deleteGrade(Integer) mapped.
	at org.springframework.web.servlet.handler.AbstractHandlerMethodMapping$MappingRegistry.validateMethodMapping(AbstractHandlerMethodMapping.java:669) ~[spring-webmvc-5.3.25.jar:5.3.25]
	at org.springframework.web.servlet.handler.AbstractHandlerMethodMapping$MappingRegistry.register(AbstractHandlerMethodMapping.java:635) ~[spring-webmvc-5.3.25.jar:5.3.25]
	at org.springframework.web.servlet.handler.AbstractHandlerMethodMapping.registerHandlerMethod(AbstractHandlerMethodMapping.java:332) ~[spring-webmvc-5.3.25.jar:5.3.25]
	at org.springframework.web.servlet.mvc.method.annotation.RequestMappingHandlerMapping.registerHandlerMethod(RequestMappingHandlerMapping.java:420) ~[spring-webmvc-5.3.25.jar:5.3.25]
	at org.springframework.web.servlet.mvc.method.annotation.RequestMappingHandlerMapping.registerHandlerMethod(RequestMappingHandlerMapping.java:76) ~[spring-webmvc-5.3.25.jar:5.3.25]
	at org.springframework.web.servlet.handler.AbstractHandlerMethodMapping.lambda$detectHandlerMethods$2(AbstractHandlerMethodMapping.java:299) ~[spring-webmvc-5.3.25.jar:5.3.25]
	at java.util.LinkedHashMap.forEach(LinkedHashMap.java:721) ~[?:?]
	at org.springframework.web.servlet.handler.AbstractHandlerMethodMapping.detectHandlerMethods(AbstractHandlerMethodMapping.java:297) ~[spring-webmvc-5.3.25.jar:5.3.25]
	at org.springframework.web.servlet.handler.AbstractHandlerMethodMapping.processCandidateBean(AbstractHandlerMethodMapping.java:266) ~[spring-webmvc-5.3.25.jar:5.3.25]
	at org.springframework.web.servlet.handler.AbstractHandlerMethodMapping.initHandlerMethods(AbstractHandlerMethodMapping.java:225) ~[spring-webmvc-5.3.25.jar:5.3.25]
	at org.springframework.web.servlet.handler.AbstractHandlerMethodMapping.afterPropertiesSet(AbstractHandlerMethodMapping.java:213) ~[spring-webmvc-5.3.25.jar:5.3.25]
	at org.springframework.web.servlet.mvc.method.annotation.RequestMappingHandlerMapping.afterPropertiesSet(RequestMappingHandlerMapping.java:205) ~[spring-webmvc-5.3.25.jar:5.3.25]
	at org.springframework.beans.factory.support.AbstractAutowireCapableBeanFactory.invokeInitMethods(AbstractAutowireCapableBeanFactory.java:1863) ~[spring-beans-5.3.25.jar:5.3.25]
	at org.springframework.beans.factory.support.AbstractAutowireCapableBeanFactory.initializeBean(AbstractAutowireCapableBeanFactory.java:1800) ~[spring-beans-5.3.25.jar:5.3.25]
	... 16 more

2023-03-03 21:46:19.568  INFO 17656 --- [main] c.s.SchoolLogApplication                 : Starting SchoolLogApplication using Java 17.0.6 on Milan-PC with PID 17656 (C:\DANIEL\SchoolLog\school_log\target\classes started by Milan in C:\DANIEL\SchoolLog\school_log)
2023-03-03 21:46:19.576  INFO 17656 --- [main] c.s.SchoolLogApplication                 : No active profile set, falling back to 1 default profile: "default"
2023-03-03 21:46:20.174  INFO 17656 --- [main] .s.d.r.c.RepositoryConfigurationDelegate : Bootstrapping Spring Data JPA repositories in DEFAULT mode.
2023-03-03 21:46:20.242  INFO 17656 --- [main] .s.d.r.c.RepositoryConfigurationDelegate : Finished Spring Data repository scanning in 59 ms. Found 7 JPA repository interfaces.
2023-03-03 21:46:20.766  INFO 17656 --- [main] o.s.b.w.e.t.TomcatWebServer              : Tomcat initialized with port(s): 8082 (http)
2023-03-03 21:46:20.783  INFO 17656 --- [main] o.a.c.c.StandardService                  : Starting service [Tomcat]
2023-03-03 21:46:20.784  INFO 17656 --- [main] o.a.c.c.StandardEngine                   : Starting Servlet engine: [Apache Tomcat/9.0.71]
2023-03-03 21:46:20.922  INFO 17656 --- [main] o.a.c.c.C.[.[.[/]                        : Initializing Spring embedded WebApplicationContext
2023-03-03 21:46:20.923  INFO 17656 --- [main] w.s.c.ServletWebServerApplicationContext : Root WebApplicationContext: initialization completed in 1300 ms
2023-03-03 21:46:21.369  INFO 17656 --- [main] c.z.h.HikariDataSource                   : HikariPool-1 - Starting...
2023-03-03 21:46:21.691  INFO 17656 --- [main] c.z.h.HikariDataSource                   : HikariPool-1 - Start completed.
2023-03-03 21:46:22.528  INFO 17656 --- [main] j.LocalContainerEntityManagerFactoryBean : Initialized JPA EntityManagerFactory for persistence unit 'default'
2023-03-03 21:46:22.921  WARN 17656 --- [main] JpaBaseConfiguration$JpaWebConfiguration : spring.jpa.open-in-view is enabled by default. Therefore, database queries may be performed during view rendering. Explicitly configure spring.jpa.open-in-view to disable this warning
2023-03-03 21:46:23.282  WARN 17656 --- [main] .s.s.UserDetailsServiceAutoConfiguration : 

Using generated security password: ef3241dc-964a-4fee-9a1e-3880d4e93f76

This generated password is for development use only. Your security configuration must be updated before running your application in production.

2023-03-03 21:46:23.423  INFO 17656 --- [main] o.s.s.w.DefaultSecurityFilterChain       : Will secure any request with [org.springframework.security.web.session.DisableEncodeUrlFilter@69542112, org.springframework.security.web.context.request.async.WebAsyncManagerIntegrationFilter@35a81281, org.springframework.security.web.context.SecurityContextPersistenceFilter@436103b1, org.springframework.security.web.header.HeaderWriterFilter@1bb3e150, org.springframework.security.web.csrf.CsrfFilter@393d4e34, org.springframework.security.web.authentication.logout.LogoutFilter@7e305953, org.springframework.security.web.authentication.UsernamePasswordAuthenticationFilter@130ad58d, org.springframework.security.web.authentication.ui.DefaultLoginPageGeneratingFilter@55f4ec04, org.springframework.security.web.authentication.ui.DefaultLogoutPageGeneratingFilter@58829c2c, org.springframework.security.web.authentication.www.BasicAuthenticationFilter@751526a7, org.springframework.security.web.savedrequest.RequestCacheAwareFilter@701c413, org.springframework.security.web.servletapi.SecurityContextHolderAwareRequestFilter@28468162, org.springframework.security.web.authentication.AnonymousAuthenticationFilter@64f1b2fb, org.springframework.security.web.session.SessionManagementFilter@3ac76ad9, org.springframework.security.web.access.ExceptionTranslationFilter@18c95fbb, org.springframework.security.web.access.intercept.FilterSecurityInterceptor@7ec729be]
2023-03-03 21:46:23.488  INFO 17656 --- [main] o.s.b.w.e.t.TomcatWebServer              : Tomcat started on port(s): 8082 (http) with context path ''
2023-03-03 21:46:23.497  INFO 17656 --- [main] c.s.SchoolLogApplication                 : Started SchoolLogApplication in 4.378 seconds (JVM running for 5.401)
2023-03-03 21:46:26.589  INFO 17656 --- [RMI TCP Connection(2)-127.0.0.1] inMXBeanRegistrar$SpringApplicationAdmin : Application shutdown requested.
2023-03-03 21:46:26.613  INFO 17656 --- [RMI TCP Connection(2)-127.0.0.1] o.a.c.c.StandardService                  : Stopping service [Tomcat]
2023-03-03 21:46:26.623  INFO 17656 --- [RMI TCP Connection(2)-127.0.0.1] j.LocalContainerEntityManagerFactoryBean : Closing JPA EntityManagerFactory for persistence unit 'default'
2023-03-03 21:46:26.624  INFO 17656 --- [RMI TCP Connection(2)-127.0.0.1] c.z.h.HikariDataSource                   : HikariPool-1 - Shutdown initiated...
2023-03-03 21:46:26.633  INFO 17656 --- [RMI TCP Connection(2)-127.0.0.1] c.z.h.HikariDataSource                   : HikariPool-1 - Shutdown completed.
